<?xml version="1.0" encoding="UTF-8"?>
<!-- Generated by org.testng.reporters.JUnitReportReporter -->
<testsuite hostname="INBANN0H488478" name="com.ecare.com.ecare.TestNG.MultiAnnotation" tests="1" failures="0" timestamp="16 Jun 2015 14:25:23 GMT" time="0.126" errors="0">
  <testcase name="f" time="0.126" classname="com.ecare.com.ecare.TestNG.MultiAnnotation"/>
</testsuite> <!-- com.ecare.com.ecare.TestNG.MultiAnnotation -->
