<?xml version="1.0" encoding="UTF-8"?>
<!-- Generated by org.testng.reporters.JUnitReportReporter -->
<testsuite hostname="INBANN0H488478" name="com.ecare.com.ecare.TestNG.BeforeAndAfterMethod" tests="2" failures="0" timestamp="19 Jun 2015 04:20:32 GMT" time="0.344" errors="0">
  <testcase name="d" time="0.000" classname="com.ecare.com.ecare.TestNG.BeforeAndAfterMethod"/>
  <testcase name="f" time="0.344" classname="com.ecare.com.ecare.TestNG.BeforeAndAfterMethod"/>
</testsuite> <!-- com.ecare.com.ecare.TestNG.BeforeAndAfterMethod -->
