<?xml version="1.0" encoding="UTF-8"?>
<!-- Generated by org.testng.reporters.JUnitReportReporter -->
<testsuite hostname="INBANN0H488478" name="com.ecare.com.ecare.TestNG.Gridtest" tests="3" failures="0" timestamp="4 Jul 2015 05:46:57 GMT" time="49.871" errors="0">
  <testcase name="c" time="11.661" classname="com.ecare.com.ecare.TestNG.Gridtest"/>
  <testcase name="f" time="10.611" classname="com.ecare.com.ecare.TestNG.Gridtest"/>
  <testcase name="b" time="27.599" classname="com.ecare.com.ecare.TestNG.Gridtest"/>
</testsuite> <!-- com.ecare.com.ecare.TestNG.Gridtest -->
