<?xml version="1.0" encoding="UTF-8"?>
<!-- Generated by org.testng.reporters.JUnitReportReporter -->
<testsuite hostname="INBANN0H488478" name="com.ecare.pagefactory.Facebooklogintest" tests="1" failures="0" timestamp="28 Jun 2015 12:25:49 GMT" time="5.316" errors="0">
  <testcase name="loginintofacebook" time="5.316" classname="com.ecare.pagefactory.Facebooklogintest"/>
</testsuite> <!-- com.ecare.pagefactory.Facebooklogintest -->
