<?xml version="1.0" encoding="UTF-8"?>
<!-- Generated by org.testng.reporters.JUnitReportReporter -->
<testsuite hostname="INBANN0H488478" name="com.ecare.com.ecare.TestNG.NewTest" tests="2" failures="0" timestamp="16 Jun 2015 11:31:03 GMT" time="0.007" errors="0">
  <testcase name="f" time="0.001" classname="com.ecare.com.ecare.TestNG.NewTest"/>
  <testcase name="M" time="0.006" classname="com.ecare.com.ecare.TestNG.NewTest"/>
</testsuite> <!-- com.ecare.com.ecare.TestNG.NewTest -->
