<?xml version="1.0" encoding="UTF-8"?>
<!-- Generated by org.testng.reporters.JUnitReportReporter -->
<testsuite hostname="INBANN0H488478" name="com.ecare.com.ecare.TestNG.TestNGwithDataprovider" tests="2" failures="0" timestamp="21 Jun 2015 02:14:09 GMT" time="0.015" errors="0">
  <testcase name="login" time="0.000" classname="com.ecare.com.ecare.TestNG.TestNGwithDataprovider"/>
  <testcase name="login" time="0.015" classname="com.ecare.com.ecare.TestNG.TestNGwithDataprovider"/>
</testsuite> <!-- com.ecare.com.ecare.TestNG.TestNGwithDataprovider -->
