<?xml version="1.0" encoding="UTF-8"?>
<!-- Generated by org.testng.reporters.JUnitReportReporter -->
<testsuite hostname="INBANN0H488478" name="com.ecare.com.ecare.TestNG.AdvanceTestNGTakingscreenshot_failed" tests="1" failures="0" timestamp="20 Jun 2015 13:27:48 GMT" time="0.014" errors="0">
  <testcase name="f" time="0.014" classname="com.ecare.com.ecare.TestNG.AdvanceTestNGTakingscreenshot_failed"/>
</testsuite> <!-- com.ecare.com.ecare.TestNG.AdvanceTestNGTakingscreenshot_failed -->
