<?xml version="1.0" encoding="UTF-8"?>
<!-- Generated by org.testng.reporters.JUnitReportReporter -->
<testsuite hostname="INBANN0H488478" name="com.ecare.com.ecare.TestNG.TestNGwithGroup" tests="3" failures="0" timestamp="21 Jun 2015 02:03:21 GMT" time="0.016" errors="0">
  <testcase name="f" time="0.000" classname="com.ecare.com.ecare.TestNG.TestNGwithGroup"/>
  <testcase name="g" time="0.000" classname="com.ecare.com.ecare.TestNG.TestNGwithGroup"/>
  <testcase name="b" time="0.016" classname="com.ecare.com.ecare.TestNG.TestNGwithGroup"/>
</testsuite> <!-- com.ecare.com.ecare.TestNG.TestNGwithGroup -->
