<?xml version="1.0" encoding="UTF-8"?>
<!-- Generated by org.testng.reporters.JUnitReportReporter -->
<testsuite hostname="INBANN0H488478" name="com.ecare.seleniumtrainning.ReadAndWritefromexcelwithtestNG" tests="2" failures="0" timestamp="24 Jun 2015 14:10:38 GMT" time="0.515" errors="0">
  <testcase name="gmaillogin" time="0.296" classname="com.ecare.seleniumtrainning.ReadAndWritefromexcelwithtestNG"/>
  <testcase name="setdatainexcel" time="0.219" classname="com.ecare.seleniumtrainning.ReadAndWritefromexcelwithtestNG"/>
</testsuite> <!-- com.ecare.seleniumtrainning.ReadAndWritefromexcelwithtestNG -->
