<?xml version="1.0" encoding="UTF-8"?>
<!-- Generated by org.testng.reporters.JUnitReportReporter -->
<testsuite hostname="INBANN0H488478" name="com.ecare.log4jwithXML.NewTest" tests="1" failures="0" timestamp="1 Jul 2015 14:06:30 GMT" time="0.246" errors="0">
  <testcase name="f" time="0.246" classname="com.ecare.log4jwithXML.NewTest"/>
</testsuite> <!-- com.ecare.log4jwithXML.NewTest -->
