<?xml version="1.0" encoding="UTF-8"?>
<!-- Generated by org.testng.reporters.JUnitReportReporter -->
<testsuite hostname="INBANN0H488478" name="com.ecare.log4j.log4jtesting" tests="1" failures="0" timestamp="1 Jul 2015 13:56:50 GMT" time="0.098" errors="0">
  <testcase name="faaaaa" time="0.098" classname="com.ecare.log4j.log4jtesting"/>
</testsuite> <!-- com.ecare.log4j.log4jtesting -->
