<?xml version="1.0" encoding="UTF-8"?>
<!-- Generated by org.testng.reporters.JUnitReportReporter -->
<testsuite hostname="INBANN0H488478" name="com.ecare.com.ecare.TestNG.TestNgwithParameter" tests="2" failures="0" timestamp="21 Jun 2015 02:07:54 GMT" time="0.015" errors="0">
  <testcase name="testCaseTwo" time="0.000" classname="com.ecare.com.ecare.TestNG.TestNgwithParameter"/>
  <testcase name="testCaseOne" time="0.015" classname="com.ecare.com.ecare.TestNG.TestNgwithParameter"/>
</testsuite> <!-- com.ecare.com.ecare.TestNG.TestNgwithParameter -->
